\BOOKMARK [1][-]{figure.caption.2}{\376\377\144\130\211\201}{}% 1
\BOOKMARK [1][-]{figure.caption.2}{\376\377\000A\000B\000S\000T\000R\000A\000C\000T}{}% 2
\BOOKMARK [1][-]{section.1}{\376\377\176\352\213\272}{}% 3
\BOOKMARK [2][-]{subsection.1.1}{\376\377\170\024\172\166\166\356\166\204\123\312\141\017\116\111}{section.1}% 4
\BOOKMARK [2][-]{subsection.1.2}{\376\377\126\375\121\205\131\026\170\024\172\166\163\260\162\266}{section.1}% 5
\BOOKMARK [2][-]{subsection.1.3}{\376\377\213\272\145\207\170\024\172\166\121\205\133\271}{section.1}% 6
\BOOKMARK [2][-]{subsection.1.4}{\376\377\213\272\145\207\176\304\176\307\147\266\147\204}{section.1}% 7
\BOOKMARK [1][-]{section.2}{\376\377\166\370\121\163\164\006\213\272\124\214\142\200\147\057}{}% 8
\BOOKMARK [2][-]{subsection.2.1}{\376\377\131\047\213\355\212\000\152\041\127\213}{section.2}% 9
\BOOKMARK [3][-]{subsubsection.2.1.1}{\376\377\000T\000r\000a\000n\000s\000f\000o\000r\000m\000e\000r}{subsection.2.1}% 10
\BOOKMARK [3][-]{subsubsection.2.1.2}{\376\377\155\367\124\010\116\023\133\266\152\041\127\213}{subsection.2.1}% 11
\BOOKMARK [3][-]{subsubsection.2.1.3}{\376\377\143\320\171\072\213\315\135\345\172\013}{subsection.2.1}% 12
\BOOKMARK [2][-]{subsection.2.2}{\376\377\000E\000l\000a\000s\000t\000i\000c\000s\000e\000a\000r\000c\000h}{section.2}% 13
\BOOKMARK [3][-]{subsubsection.2.2.1}{\376\377\000E\000l\000a\000s\000t\000i\000c\000s\000e\000a\000r\000c\000h\000\040\166\204\150\070\137\303\151\202\137\365}{subsection.2.2}% 14
\BOOKMARK [2][-]{subsection.2.3}{\376\377\000V\000i\000s\000u\000a\000l\000\040\000S\000t\000u\000d\000i\000o\000\040\000C\000o\000d\000e\143\322\116\366}{section.2}% 15
\BOOKMARK [3][-]{subsubsection.2.3.1}{\376\377\000V\000u\000e\150\106\147\266}{subsection.2.3}% 16
\BOOKMARK [2][-]{subsection.2.4}{\376\377\147\054\172\340\134\017\176\323}{section.2}% 17
\BOOKMARK [1][-]{section.3}{\376\377\174\373\176\337\227\000\154\102\122\006\147\220\116\016\213\276\213\241}{}% 18
\BOOKMARK [2][-]{subsection.3.1}{\376\377\174\373\176\337\227\000\154\102\122\006\147\220}{section.3}% 19
\BOOKMARK [3][-]{subsubsection.3.1.1}{\376\377\165\050\142\067\227\000\154\102}{subsection.3.1}% 20
\BOOKMARK [3][-]{subsubsection.3.1.2}{\376\377\174\373\176\337\122\237\200\375\140\047\227\000\154\102\122\006\147\220}{subsection.3.1}% 21
\BOOKMARK [3][-]{subsubsection.3.1.3}{\376\377\174\373\176\337\227\136\122\237\200\375\140\047\227\000\154\102\122\006\147\220}{subsection.3.1}% 22
\BOOKMARK [2][-]{subsection.3.2}{\376\377\174\373\176\337\147\266\147\204\213\276\213\241}{section.3}% 23
\BOOKMARK [3][-]{subsubsection.3.2.1}{\376\377\174\373\176\337\140\073\117\123\147\266\147\204\213\276\213\241}{subsection.3.2}% 24
\BOOKMARK [2][-]{subsection.3.3}{\376\377\121\154\137\017\150\074\137\017}{section.3}% 25
\BOOKMARK [2][-]{subsection.3.4}{\376\377\147\054\172\340\134\017\176\323}{section.3}% 26
\BOOKMARK [1][-]{section.4}{\376\377\176\323\213\272\116\016\134\125\147\033}{}% 27
\BOOKMARK [2][-]{subsection.4.1}{\376\377\116\073\211\201\176\323\213\272}{section.4}% 28
\BOOKMARK [2][-]{subsection.4.2}{\376\377\170\024\172\166\134\125\147\033}{section.4}% 29
\BOOKMARK [1][-]{subsection.4.2}{\376\377\123\302\200\003\145\207\163\056}{}% 30
\BOOKMARK [1][-]{subsection.4.2}{\376\377\226\104\137\125\000A\377\032\000X\000X\121\154\137\017\166\204\143\250\133\374}{}% 31
\BOOKMARK [1][-]{subsection.4.2}{\376\377\201\364\214\042}{}% 32
\BOOKMARK [1][-]{subsection.4.2}{\376\377\123\237\122\033\140\047\130\360\146\016\124\214\117\177\165\050\143\210\147\103\116\146}{}% 33
